<?xml version="1.0" encoding="UTF-8"?>
<testsuite xmlns:xsi="http://www.w3.org/2001/XMLSchema-instance" xsi:noNamespaceSchemaLocation="https://maven.apache.org/surefire/maven-surefire-plugin/xsd/surefire-test-report-3.0.xsd" version="3.0" name="DotGraphParserTest" time="0.098" tests="8" errors="0" skipped="0" failures="0">
  <properties>
[...]
</properties>
  <testcase name="testAddEdge" classname="DotGraphParserTest" time="0.047">
    <system-out><![CDATA[Graph parsed successfully!
Number of nodes: 4
Nodes: [A, B, C, D]
Number of edges: 3
Edges: [A -> B, C -> A, B -> C]
Edge added: H -> I
]]></system-out>
  </testcase>
  <testcase name="testAddNode" classname="DotGraphParserTest" time="0.0">
    <system-out><![CDATA[Graph parsed successfully!
Number of nodes: 4
Nodes: [A, B, C, D]
Number of edges: 3
Edges: [A -> B, C -> A, B -> C]
Node added: F
]]></system-out>
  </testcase>
  <testcase name="testNumberOfEdges" classname="DotGraphParserTest" time="0.001">
    <system-out><![CDATA[Graph parsed successfully!
Number of nodes: 4
Nodes: [A, B, C, D]
Number of edges: 3
Edges: [A -> B, C -> A, B -> C]
]]></system-out>
  </testcase>
  <testcase name="testNumberOfNodes" classname="DotGraphParserTest" time="0.002">
    <system-out><![CDATA[Graph parsed successfully!
Number of nodes: 4
Nodes: [A, B, C, D]
Number of edges: 3
Edges: [A -> B, C -> A, B -> C]
]]></system-out>
  </testcase>
  <testcase name="testNodesContent" classname="DotGraphParserTest" time="0.002">
    <system-out><![CDATA[Graph parsed successfully!
Number of nodes: 4
Nodes: [A, B, C, D]
Number of edges: 3
Edges: [A -> B, C -> A, B -> C]
]]></system-out>
  </testcase>
  <testcase name="testGraphParsedSuccessfully" classname="DotGraphParserTest" time="0.001">
    <system-out><![CDATA[Graph parsed successfully!
Number of nodes: 4
Nodes: [A, B, C, D]
Number of edges: 3
Edges: [A -> B, C -> A, B -> C]
]]></system-out>
  </testcase>
  <testcase name="testAddDuplicateNode" classname="DotGraphParserTest" time="0.004">
    <system-out><![CDATA[Graph parsed successfully!
Number of nodes: 4
Nodes: [A, B, C, D]
Number of edges: 3
Edges: [A -> B, C -> A, B -> C]
Node added: G
Node G already exists.
]]></system-out>
  </testcase>
  <testcase name="testEdgesContent" classname="DotGraphParserTest" time="0.001">
    <system-out><![CDATA[Graph parsed successfully!
Number of nodes: 4
Nodes: [A, B, C, D]
Number of edges: 3
Edges: [A -> B, C -> A, B -> C]
]]></system-out>
  </testcase>
</testsuite>