<?xml version="1.0" encoding="UTF-8"?>
<testsuite xmlns:xsi="http://www.w3.org/2001/XMLSchema-instance" xsi:noNamespaceSchemaLocation="https://maven.apache.org/surefire/maven-surefire-plugin/xsd/surefire-test-report-3.0.xsd" version="3.0" name="DotGraphParserTest" time="0.802" tests="14" errors="0" skipped="0" failures="0">
  <properties>
[...]
</properties>
  <testcase name="testAddEdge" classname="DotGraphParserTest" time="0.027"/>
  <testcase name="testOutputGraph" classname="DotGraphParserTest" time="0.008"/>
  <testcase name="testToString" classname="DotGraphParserTest" time="0.003">
    <system-out><![CDATA[Current nodes in graph: [A, B, C]
]]></system-out>
  </testcase>
  <testcase name="testRemoveNodes" classname="DotGraphParserTest" time="0.005">
    <system-out><![CDATA[Node A removed successfully.
Node C removed successfully.
Skipping removal for non-existing node: E
Nodes A, C, E removed successfully.
Current nodes in graph: [B, D]
]]></system-out>
  </testcase>
  <testcase name="testAddNodes" classname="DotGraphParserTest" time="0.002">
    <system-out><![CDATA[Current nodes in graph: [A, B, C, X, Y]
]]></system-out>
  </testcase>
  <testcase name="testGraphSearchWithBFS" classname="DotGraphParserTest" time="0.001"/>
  <testcase name="testGraphSearchWithDFS" classname="DotGraphParserTest" time="0.001"/>
  <testcase name="testRemoveNode" classname="DotGraphParserTest" time="0.001">
    <system-out><![CDATA[Current nodes in graph: [A, B, C, X]
Node X removed successfully.
Current nodes in graph: [A, B, C]
]]></system-out>
  </testcase>
  <testcase name="testGraphSearchNoPathBFS" classname="DotGraphParserTest" time="0.0"/>
  <testcase name="testGraphSearchNoPathDFS" classname="DotGraphParserTest" time="0.001"/>
  <testcase name="testOutputGraphics" classname="DotGraphParserTest" time="0.727">
    <system-err><![CDATA[[main] INFO guru.nidi.graphviz.engine.GraphvizCmdLineEngine - input  file:///var/folders/62/tc_f876x4q3bcr1v_0gmtqlh0000gn/T/GraphvizJava/DotEngine17832235304794628109/dotfile.dot
[main] INFO guru.nidi.graphviz.service.CommandLineExecutor - executing command [/bin/sh, -c, dot -Kdot -Tsvg  /var/folders/62/tc_f876x4q3bcr1v_0gmtqlh0000gn/T/GraphvizJava/DotEngine17832235304794628109/dotfile.dot -ooutfile.svg]
[main] INFO guru.nidi.graphviz.engine.GraphvizCmdLineEngine - output file:///var/folders/62/tc_f876x4q3bcr1v_0gmtqlh0000gn/T/GraphvizJava/DotEngine17832235304794628109/outfile.svg
]]></system-err>
  </testcase>
  <testcase name="testGraphSearchSelfPathBFS" classname="DotGraphParserTest" time="0.001"/>
  <testcase name="testGraphSearchSelfPathDFS" classname="DotGraphParserTest" time="0.0"/>
  <testcase name="testGraphParsedSuccessfully" classname="DotGraphParserTest" time="0.001">
    <system-out><![CDATA[Current nodes in graph: [A, B, C]
]]></system-out>
  </testcase>
</testsuite>